app/build/intermediates/manifest_merge_blame_file/debug/manifest-merger-blame-debug-report.txt
1<?xml version="1.0" encoding="utf-8"?>
2<manifest xmlns:android="http://schemas.android.com/apk/res/android"
3    package="com.example.proj"
4    android:versionCode="1"
5    android:versionName="1.0" >
6
7    <uses-sdk
8        android:minSdkVersion="28"
8-->src\main\AndroidManifest.xml
9        android:targetSdkVersion="29" />
9-->src\main\AndroidManifest.xml
10
11    <!-- Although the *SdkVersion is captured in gradle build files, this is required for non gradle builds -->
12    <!-- <uses-sdk android:minSdkVersion="14"/> -->
13    <uses-permission android:name="android.permission.ACCESS_NETWORK_STATE" />
13-->[com.google.firebase:firebase-database:18.0.0] AndroidManifest.xml:25:5-79
13-->[com.google.firebase:firebase-database:18.0.0] AndroidManifest.xml:25:22-76
14    <uses-permission android:name="android.permission.INTERNET" />
14-->[com.google.firebase:firebase-database:18.0.0] AndroidManifest.xml:26:5-67
14-->[com.google.firebase:firebase-database:18.0.0] AndroidManifest.xml:26:22-64
15    <uses-permission android:name="android.permission.WAKE_LOCK" /> <!-- Required by older versions of Google Play services to create IID tokens -->
15-->[com.google.android.gms:play-services-measurement-api:16.5.0] AndroidManifest.xml:24:5-68
15-->[com.google.android.gms:play-services-measurement-api:16.5.0] AndroidManifest.xml:24:22-65
16    <uses-permission android:name="com.google.android.c2dm.permission.RECEIVE" />
16-->[com.google.firebase:firebase-iid:17.1.2] AndroidManifest.xml:26:5-82
16-->[com.google.firebase:firebase-iid:17.1.2] AndroidManifest.xml:26:22-79
17    <uses-permission android:name="com.google.android.finsky.permission.BIND_GET_INSTALL_REFERRER_SERVICE" />
17-->[com.google.android.gms:play-services-measurement:16.5.0] AndroidManifest.xml:26:5-110
17-->[com.google.android.gms:play-services-measurement:16.5.0] AndroidManifest.xml:26:22-107
18
19    <application
19-->src\main\AndroidManifest.xml:7:5-27:19
20        android:allowBackup="true"
20-->src\main\AndroidManifest.xml:8:9-35
21        android:appComponentFactory="androidx.core.app.CoreComponentFactory"
21-->[androidx.core:core:1.0.1] AndroidManifest.xml:22:18-86
22        android:debuggable="true"
23        android:extractNativeLibs="false"
24        android:icon="@mipmap/ic_launcher"
24-->src\main\AndroidManifest.xml:9:9-43
25        android:label="@string/app_name"
25-->src\main\AndroidManifest.xml:10:9-41
26        android:roundIcon="@mipmap/ic_launcher_round"
26-->src\main\AndroidManifest.xml:11:9-54
27        android:supportsRtl="true"
27-->src\main\AndroidManifest.xml:12:9-35
28        android:testOnly="true"
29        android:theme="@style/AppTheme" >
29-->src\main\AndroidManifest.xml:13:9-40
30        <activity android:name="com.example.proj.ActivityPf" />
30-->src\main\AndroidManifest.xml:16:9-57
30-->src\main\AndroidManifest.xml:16:19-45
31        <activity android:name="com.example.proj.MainActivityAcc" />
31-->src\main\AndroidManifest.xml:17:9-53
31-->src\main\AndroidManifest.xml:17:19-50
32        <activity android:name="com.example.proj.MainActivityCreateProfile" />
32-->src\main\AndroidManifest.xml:18:9-63
32-->src\main\AndroidManifest.xml:18:19-60
33        <activity android:name="com.example.proj.MainActivityLogined" />
33-->src\main\AndroidManifest.xml:19:9-57
33-->src\main\AndroidManifest.xml:19:19-54
34        <activity android:name="com.example.proj.MainActivity" >
34-->src\main\AndroidManifest.xml:20:9-26:20
34-->src\main\AndroidManifest.xml:20:19-47
35            <intent-filter>
35-->src\main\AndroidManifest.xml:21:13-25:29
36                <action android:name="android.intent.action.MAIN" />
36-->src\main\AndroidManifest.xml:22:17-69
36-->src\main\AndroidManifest.xml:22:25-66
37
38                <category android:name="android.intent.category.LAUNCHER" />
38-->src\main\AndroidManifest.xml:24:17-77
38-->src\main\AndroidManifest.xml:24:27-74
39            </intent-filter>
40        </activity>
41        <activity
41-->[com.google.firebase:firebase-auth:18.0.0] AndroidManifest.xml:24:9-31:50
42            android:name="com.google.firebase.auth.internal.FederatedSignInActivity"
42-->[com.google.firebase:firebase-auth:18.0.0] AndroidManifest.xml:25:13-85
43            android:excludeFromRecents="true"
43-->[com.google.firebase:firebase-auth:18.0.0] AndroidManifest.xml:26:13-46
44            android:exported="true"
44-->[com.google.firebase:firebase-auth:18.0.0] AndroidManifest.xml:27:13-36
45            android:launchMode="singleTask"
45-->[com.google.firebase:firebase-auth:18.0.0] AndroidManifest.xml:28:13-44
46            android:permission="com.google.firebase.auth.api.gms.permission.LAUNCH_FEDERATED_SIGN_IN"
46-->[com.google.firebase:firebase-auth:18.0.0] AndroidManifest.xml:29:13-102
47            android:theme="@android:style/Theme.Translucent.NoTitleBar" />
47-->[com.google.firebase:firebase-auth:18.0.0] AndroidManifest.xml:30:13-72
48
49        <service
49-->[com.google.firebase:firebase-auth:18.0.0] AndroidManifest.xml:33:9-39:19
50            android:name="com.google.firebase.components.ComponentDiscoveryService"
50-->[com.google.firebase:firebase-auth:18.0.0] AndroidManifest.xml:34:13-84
51            android:exported="false" >
51-->[com.google.firebase:firebase-auth:18.0.0] AndroidManifest.xml:35:13-37
52            <meta-data
52-->[com.google.firebase:firebase-auth:18.0.0] AndroidManifest.xml:36:13-38:85
53                android:name="com.google.firebase.components:com.google.firebase.auth.FirebaseAuthRegistrar"
53-->[com.google.firebase:firebase-auth:18.0.0] AndroidManifest.xml:37:17-109
54                android:value="com.google.firebase.components.ComponentRegistrar" />
54-->[com.google.firebase:firebase-auth:18.0.0] AndroidManifest.xml:38:17-82
55            <meta-data
55-->[com.google.firebase:firebase-database:18.0.0] AndroidManifest.xml:30:13-32:85
56                android:name="com.google.firebase.components:com.google.firebase.database.DatabaseRegistrar"
56-->[com.google.firebase:firebase-database:18.0.0] AndroidManifest.xml:31:17-109
57                android:value="com.google.firebase.components.ComponentRegistrar" />
57-->[com.google.firebase:firebase-database:18.0.0] AndroidManifest.xml:32:17-82
58            <meta-data
58-->[com.google.firebase:firebase-firestore:20.0.0] AndroidManifest.xml:20:13-22:85
59                android:name="com.google.firebase.components:com.google.firebase.firestore.FirestoreRegistrar"
59-->[com.google.firebase:firebase-firestore:20.0.0] AndroidManifest.xml:21:17-111
60                android:value="com.google.firebase.components.ComponentRegistrar" />
60-->[com.google.firebase:firebase-firestore:20.0.0] AndroidManifest.xml:22:17-82
61            <meta-data
61-->[com.google.android.gms:play-services-measurement-api:16.5.0] AndroidManifest.xml:30:13-32:85
62                android:name="com.google.firebase.components:com.google.firebase.analytics.connector.internal.AnalyticsConnectorRegistrar"
62-->[com.google.android.gms:play-services-measurement-api:16.5.0] AndroidManifest.xml:31:17-139
63                android:value="com.google.firebase.components.ComponentRegistrar" />
63-->[com.google.android.gms:play-services-measurement-api:16.5.0] AndroidManifest.xml:32:17-82
64            <meta-data
64-->[com.google.firebase:firebase-iid:17.1.2] AndroidManifest.xml:32:13-34:85
65                android:name="com.google.firebase.components:com.google.firebase.iid.Registrar"
65-->[com.google.firebase:firebase-iid:17.1.2] AndroidManifest.xml:33:17-96
66                android:value="com.google.firebase.components.ComponentRegistrar" />
66-->[com.google.firebase:firebase-iid:17.1.2] AndroidManifest.xml:34:17-82
67        </service>
68
69        <receiver
69-->[com.google.firebase:firebase-iid:17.1.2] AndroidManifest.xml:37:9-44:20
70            android:name="com.google.firebase.iid.FirebaseInstanceIdReceiver"
70-->[com.google.firebase:firebase-iid:17.1.2] AndroidManifest.xml:38:13-78
71            android:exported="true"
71-->[com.google.firebase:firebase-iid:17.1.2] AndroidManifest.xml:39:13-36
72            android:permission="com.google.android.c2dm.permission.SEND" >
72-->[com.google.firebase:firebase-iid:17.1.2] AndroidManifest.xml:40:13-73
73            <intent-filter>
73-->[com.google.firebase:firebase-iid:17.1.2] AndroidManifest.xml:41:13-43:29
74                <action android:name="com.google.android.c2dm.intent.RECEIVE" />
74-->[com.google.firebase:firebase-iid:17.1.2] AndroidManifest.xml:42:17-81
74-->[com.google.firebase:firebase-iid:17.1.2] AndroidManifest.xml:42:25-78
75            </intent-filter>
76        </receiver>
77        <!--
78             FirebaseInstanceIdService performs security checks at runtime,
79             no need for explicit permissions despite exported="true"
80        -->
81        <service
81-->[com.google.firebase:firebase-iid:17.1.2] AndroidManifest.xml:50:9-56:19
82            android:name="com.google.firebase.iid.FirebaseInstanceIdService"
82-->[com.google.firebase:firebase-iid:17.1.2] AndroidManifest.xml:51:13-77
83            android:exported="true" >
83-->[com.google.firebase:firebase-iid:17.1.2] AndroidManifest.xml:52:13-36
84            <intent-filter android:priority="-500" >
84-->[com.google.firebase:firebase-iid:17.1.2] AndroidManifest.xml:53:13-55:29
84-->[com.google.firebase:firebase-iid:17.1.2] AndroidManifest.xml:53:28-51
85                <action android:name="com.google.firebase.INSTANCE_ID_EVENT" />
85-->[com.google.firebase:firebase-iid:17.1.2] AndroidManifest.xml:54:17-80
85-->[com.google.firebase:firebase-iid:17.1.2] AndroidManifest.xml:54:25-77
86            </intent-filter>
87        </service>
88
89        <activity
89-->[com.google.android.gms:play-services-base:17.0.0] AndroidManifest.xml:23:9-26:75
90            android:name="com.google.android.gms.common.api.GoogleApiActivity"
90-->[com.google.android.gms:play-services-base:17.0.0] AndroidManifest.xml:24:13-79
91            android:exported="false"
91-->[com.google.android.gms:play-services-base:17.0.0] AndroidManifest.xml:25:13-37
92            android:theme="@android:style/Theme.Translucent.NoTitleBar" />
92-->[com.google.android.gms:play-services-base:17.0.0] AndroidManifest.xml:26:13-72
93
94        <provider
94-->[com.google.firebase:firebase-common:18.0.0] AndroidManifest.xml:12:9-16:39
95            android:name="com.google.firebase.provider.FirebaseInitProvider"
95-->[com.google.firebase:firebase-common:18.0.0] AndroidManifest.xml:13:13-77
96            android:authorities="com.example.proj.firebaseinitprovider"
96-->[com.google.firebase:firebase-common:18.0.0] AndroidManifest.xml:14:13-72
97            android:exported="false"
97-->[com.google.firebase:firebase-common:18.0.0] AndroidManifest.xml:15:13-37
98            android:initOrder="100" />
98-->[com.google.firebase:firebase-common:18.0.0] AndroidManifest.xml:16:13-36
99
100        <receiver
100-->[com.google.android.gms:play-services-measurement:16.5.0] AndroidManifest.xml:29:9-33:20
101            android:name="com.google.android.gms.measurement.AppMeasurementReceiver"
101-->[com.google.android.gms:play-services-measurement:16.5.0] AndroidManifest.xml:30:13-85
102            android:enabled="true"
102-->[com.google.android.gms:play-services-measurement:16.5.0] AndroidManifest.xml:31:13-35
103            android:exported="false" >
103-->[com.google.android.gms:play-services-measurement:16.5.0] AndroidManifest.xml:32:13-37
104        </receiver>
105        <receiver
105-->[com.google.android.gms:play-services-measurement:16.5.0] AndroidManifest.xml:34:9-42:20
106            android:name="com.google.android.gms.measurement.AppMeasurementInstallReferrerReceiver"
106-->[com.google.android.gms:play-services-measurement:16.5.0] AndroidManifest.xml:35:13-100
107            android:enabled="true"
107-->[com.google.android.gms:play-services-measurement:16.5.0] AndroidManifest.xml:36:13-35
108            android:exported="true"
108-->[com.google.android.gms:play-services-measurement:16.5.0] AndroidManifest.xml:37:13-36
109            android:permission="android.permission.INSTALL_PACKAGES" >
109-->[com.google.android.gms:play-services-measurement:16.5.0] AndroidManifest.xml:38:13-69
110            <intent-filter>
110-->[com.google.android.gms:play-services-measurement:16.5.0] AndroidManifest.xml:39:13-41:29
111                <action android:name="com.android.vending.INSTALL_REFERRER" />
111-->[com.google.android.gms:play-services-measurement:16.5.0] AndroidManifest.xml:40:17-79
111-->[com.google.android.gms:play-services-measurement:16.5.0] AndroidManifest.xml:40:25-76
112            </intent-filter>
113        </receiver>
114
115        <service
115-->[com.google.android.gms:play-services-measurement:16.5.0] AndroidManifest.xml:44:9-47:40
116            android:name="com.google.android.gms.measurement.AppMeasurementService"
116-->[com.google.android.gms:play-services-measurement:16.5.0] AndroidManifest.xml:45:13-84
117            android:enabled="true"
117-->[com.google.android.gms:play-services-measurement:16.5.0] AndroidManifest.xml:46:13-35
118            android:exported="false" />
118-->[com.google.android.gms:play-services-measurement:16.5.0] AndroidManifest.xml:47:13-37
119        <service
119-->[com.google.android.gms:play-services-measurement:16.5.0] AndroidManifest.xml:48:9-52:72
120            android:name="com.google.android.gms.measurement.AppMeasurementJobService"
120-->[com.google.android.gms:play-services-measurement:16.5.0] AndroidManifest.xml:49:13-87
121            android:enabled="true"
121-->[com.google.android.gms:play-services-measurement:16.5.0] AndroidManifest.xml:50:13-35
122            android:exported="false"
122-->[com.google.android.gms:play-services-measurement:16.5.0] AndroidManifest.xml:51:13-37
123            android:permission="android.permission.BIND_JOB_SERVICE" />
123-->[com.google.android.gms:play-services-measurement:16.5.0] AndroidManifest.xml:52:13-69
124
125        <meta-data
125-->[com.google.android.gms:play-services-basement:17.0.0] AndroidManifest.xml:23:9-25:69
126            android:name="com.google.android.gms.version"
126-->[com.google.android.gms:play-services-basement:17.0.0] AndroidManifest.xml:24:13-58
127            android:value="@integer/google_play_services_version" />
127-->[com.google.android.gms:play-services-basement:17.0.0] AndroidManifest.xml:25:13-66
128    </application>
129
130</manifest>